{"C:\\Users\\Ibnu Alinsani\\Coding\\Projects\\test\\app\\composables\\useBikes.ts": {"path":"C:\\Users\\Ibnu Alinsani\\Coding\\Projects\\test\\app\\composables\\useBikes.ts","statementMap":{"0":{"start":{"line":5,"column":24},"end":{"line":344,"column":null}},"1":{"start":{"line":6,"column":18},"end":{"line":308,"column":null}},"2":{"start":{"line":6,"column":50},"end":{"line":308,"column":5}},"3":{"start":{"line":310,"column":24},"end":{"line":312,"column":null}},"4":{"start":{"line":311,"column":8},"end":{"line":311,"column":null}},"5":{"start":{"line":311,"column":37},"end":{"line":311,"column":56}},"6":{"start":{"line":315,"column":24},"end":{"line":321,"column":null}},"7":{"start":{"line":316,"column":8},"end":{"line":320,"column":null}},"8":{"start":{"line":317,"column":34},"end":{"line":317,"column":null}},"9":{"start":{"line":318,"column":36},"end":{"line":318,"column":null}},"10":{"start":{"line":319,"column":12},"end":{"line":319,"column":null}},"11":{"start":{"line":324,"column":22},"end":{"line":336,"column":null}},"12":{"start":{"line":325,"column":23},"end":{"line":325,"column":null}},"13":{"start":{"line":327,"column":8},"end":{"line":333,"column":null}},"14":{"start":{"line":328,"column":12},"end":{"line":328,"column":null}},"15":{"start":{"line":328,"column":34},"end":{"line":328,"column":117}},"16":{"start":{"line":329,"column":8},"end":{"line":333,"column":null}},"17":{"start":{"line":330,"column":12},"end":{"line":330,"column":null}},"18":{"start":{"line":330,"column":34},"end":{"line":330,"column":117}},"19":{"start":{"line":331,"column":8},"end":{"line":333,"column":null}},"20":{"start":{"line":332,"column":12},"end":{"line":332,"column":null}},"21":{"start":{"line":332,"column":34},"end":{"line":332,"column":62}},"22":{"start":{"line":335,"column":8},"end":{"line":335,"column":null}},"23":{"start":{"line":338,"column":4},"end":{"line":343,"column":null}}},"fnMap":{"0":{"name":"(anonymous_0)","decl":{"start":{"line":5,"column":24},"end":{"line":5,"column":30}},"loc":{"start":{"line":5,"column":30},"end":{"line":344,"column":null}},"line":5},"1":{"name":"(anonymous_1)","decl":{"start":{"line":6,"column":44},"end":{"line":6,"column":50}},"loc":{"start":{"line":6,"column":50},"end":{"line":308,"column":5}},"line":6},"2":{"name":"(anonymous_2)","decl":{"start":{"line":310,"column":24},"end":{"line":310,"column":25}},"loc":{"start":{"line":310,"column":40},"end":{"line":312,"column":null}},"line":310},"3":{"name":"(anonymous_3)","decl":{"start":{"line":311,"column":32},"end":{"line":311,"column":37}},"loc":{"start":{"line":311,"column":37},"end":{"line":311,"column":56}},"line":311},"4":{"name":"(anonymous_4)","decl":{"start":{"line":315,"column":24},"end":{"line":315,"column":25}},"loc":{"start":{"line":315,"column":67},"end":{"line":321,"column":null}},"line":315},"5":{"name":"(anonymous_5)","decl":{"start":{"line":316,"column":34},"end":{"line":316,"column":42}},"loc":{"start":{"line":316,"column":42},"end":{"line":320,"column":9}},"line":316},"6":{"name":"(anonymous_6)","decl":{"start":{"line":324,"column":22},"end":{"line":324,"column":23}},"loc":{"start":{"line":324,"column":67},"end":{"line":336,"column":null}},"line":324},"7":{"name":"(anonymous_7)","decl":{"start":{"line":328,"column":24},"end":{"line":328,"column":25}},"loc":{"start":{"line":328,"column":34},"end":{"line":328,"column":117}},"line":328},"8":{"name":"(anonymous_8)","decl":{"start":{"line":330,"column":24},"end":{"line":330,"column":25}},"loc":{"start":{"line":330,"column":34},"end":{"line":330,"column":117}},"line":330},"9":{"name":"(anonymous_9)","decl":{"start":{"line":332,"column":24},"end":{"line":332,"column":25}},"loc":{"start":{"line":332,"column":34},"end":{"line":332,"column":62}},"line":332}},"branchMap":{"0":{"loc":{"start":{"line":318,"column":36},"end":{"line":318,"column":null}},"type":"binary-expr","locations":[{"start":{"line":318,"column":36},"end":{"line":318,"column":58}},{"start":{"line":318,"column":58},"end":{"line":318,"column":null}}],"line":318},"1":{"loc":{"start":{"line":319,"column":19},"end":{"line":319,"column":null}},"type":"binary-expr","locations":[{"start":{"line":319,"column":19},"end":{"line":319,"column":36}},{"start":{"line":319,"column":36},"end":{"line":319,"column":null}}],"line":319},"2":{"loc":{"start":{"line":327,"column":8},"end":{"line":333,"column":null}},"type":"if","locations":[{"start":{"line":327,"column":8},"end":{"line":333,"column":null}},{"start":{"line":329,"column":8},"end":{"line":333,"column":null}}],"line":327},"3":{"loc":{"start":{"line":329,"column":8},"end":{"line":333,"column":null}},"type":"if","locations":[{"start":{"line":329,"column":8},"end":{"line":333,"column":null}},{"start":{"line":331,"column":8},"end":{"line":333,"column":null}}],"line":329},"4":{"loc":{"start":{"line":331,"column":8},"end":{"line":333,"column":null}},"type":"if","locations":[{"start":{"line":331,"column":8},"end":{"line":333,"column":null}},{"start":{},"end":{}}],"line":331}},"s":{"0":1,"1":21,"2":21,"3":21,"4":2,"5":25,"6":21,"7":6,"8":144,"9":144,"10":144,"11":21,"12":4,"13":4,"14":1,"15":79,"16":3,"17":1,"18":80,"19":2,"20":1,"21":80,"22":4,"23":21},"f":{"0":21,"1":21,"2":2,"3":25,"4":6,"5":144,"6":4,"7":79,"8":80,"9":80},"b":{"0":[144,48],"1":[144,56],"2":[1,3],"3":[1,2],"4":[1,1]},"meta":{"lastBranch":5,"lastFunction":10,"lastStatement":24,"seen":{"s:5:24:344:Infinity":0,"f:5:24:5:30":0,"s:6:18:308:Infinity":1,"f:6:44:6:50":1,"s:6:50:308:5":2,"s:310:24:312:Infinity":3,"f:310:24:310:25":2,"s:311:8:311:Infinity":4,"f:311:32:311:37":3,"s:311:37:311:56":5,"s:315:24:321:Infinity":6,"f:315:24:315:25":4,"s:316:8:320:Infinity":7,"f:316:34:316:42":5,"s:317:34:317:Infinity":8,"s:318:36:318:Infinity":9,"b:318:36:318:58:318:58:318:Infinity":0,"s:319:12:319:Infinity":10,"b:319:19:319:36:319:36:319:Infinity":1,"s:324:22:336:Infinity":11,"f:324:22:324:23":6,"s:325:23:325:Infinity":12,"b:327:8:333:Infinity:329:8:333:Infinity":2,"s:327:8:333:Infinity":13,"s:328:12:328:Infinity":14,"f:328:24:328:25":7,"s:328:34:328:117":15,"b:329:8:333:Infinity:331:8:333:Infinity":3,"s:329:8:333:Infinity":16,"s:330:12:330:Infinity":17,"f:330:24:330:25":8,"s:330:34:330:117":18,"b:331:8:333:Infinity:undefined:undefined:undefined:undefined":4,"s:331:8:333:Infinity":19,"s:332:12:332:Infinity":20,"f:332:24:332:25":9,"s:332:34:332:62":21,"s:335:8:335:Infinity":22,"s:338:4:343:Infinity":23}}}
,"C:\\Users\\Ibnu Alinsani\\Coding\\Projects\\test\\app\\composables\\useErrorHandler.ts": {"path":"C:\\Users\\Ibnu Alinsani\\Coding\\Projects\\test\\app\\composables\\useErrorHandler.ts","statementMap":{"0":{"start":{"line":14,"column":31},"end":{"line":76,"column":null}},"1":{"start":{"line":15,"column":18},"end":{"line":15,"column":null}},"2":{"start":{"line":20,"column":24},"end":{"line":37,"column":null}},"3":{"start":{"line":21,"column":8},"end":{"line":21,"column":null}},"4":{"start":{"line":23,"column":22},"end":{"line":23,"column":null}},"5":{"start":{"line":25,"column":8},"end":{"line":31,"column":null}},"6":{"start":{"line":26,"column":12},"end":{"line":26,"column":null}},"7":{"start":{"line":27,"column":8},"end":{"line":31,"column":null}},"8":{"start":{"line":28,"column":12},"end":{"line":28,"column":null}},"9":{"start":{"line":29,"column":8},"end":{"line":31,"column":null}},"10":{"start":{"line":30,"column":12},"end":{"line":30,"column":null}},"11":{"start":{"line":34,"column":8},"end":{"line":34,"column":null}},"12":{"start":{"line":36,"column":8},"end":{"line":36,"column":null}},"13":{"start":{"line":42,"column":21},"end":{"line":60,"column":null}},"14":{"start":{"line":46,"column":8},"end":{"line":59,"column":null}},"15":{"start":{"line":47,"column":25},"end":{"line":47,"column":null}},"16":{"start":{"line":48,"column":12},"end":{"line":48,"column":null}},"17":{"start":{"line":50,"column":12},"end":{"line":50,"column":null}},"18":{"start":{"line":51,"column":12},"end":{"line":58,"column":null}},"19":{"start":{"line":65,"column":24},"end":{"line":69,"column":null}},"20":{"start":{"line":65,"column":89},"end":{"line":69,"column":null}},"21":{"start":{"line":71,"column":4},"end":{"line":75,"column":null}}},"fnMap":{"0":{"name":"(anonymous_0)","decl":{"start":{"line":14,"column":31},"end":{"line":14,"column":37}},"loc":{"start":{"line":14,"column":37},"end":{"line":76,"column":null}},"line":14},"1":{"name":"(anonymous_1)","decl":{"start":{"line":20,"column":24},"end":{"line":20,"column":25}},"loc":{"start":{"line":20,"column":81},"end":{"line":37,"column":null}},"line":20},"2":{"name":"(anonymous_2)","decl":{"start":{"line":42,"column":21},"end":{"line":42,"column":null}},"loc":{"start":{"line":45,"column":62},"end":{"line":60,"column":null}},"line":45},"3":{"name":"(anonymous_3)","decl":{"start":{"line":65,"column":24},"end":{"line":65,"column":25}},"loc":{"start":{"line":65,"column":89},"end":{"line":69,"column":null}},"line":65}},"branchMap":{"0":{"loc":{"start":{"line":21,"column":26},"end":{"line":21,"column":42}},"type":"binary-expr","locations":[{"start":{"line":21,"column":26},"end":{"line":21,"column":37}},{"start":{"line":21,"column":37},"end":{"line":21,"column":42}}],"line":21},"1":{"loc":{"start":{"line":25,"column":8},"end":{"line":31,"column":null}},"type":"if","locations":[{"start":{"line":25,"column":8},"end":{"line":31,"column":null}},{"start":{"line":27,"column":8},"end":{"line":31,"column":null}}],"line":25},"2":{"loc":{"start":{"line":27,"column":8},"end":{"line":31,"column":null}},"type":"if","locations":[{"start":{"line":27,"column":8},"end":{"line":31,"column":null}},{"start":{"line":29,"column":8},"end":{"line":31,"column":null}}],"line":27},"3":{"loc":{"start":{"line":27,"column":19},"end":{"line":27,"column":86}},"type":"binary-expr","locations":[{"start":{"line":27,"column":19},"end":{"line":27,"column":48}},{"start":{"line":27,"column":48},"end":{"line":27,"column":66}},{"start":{"line":27,"column":66},"end":{"line":27,"column":86}}],"line":27},"4":{"loc":{"start":{"line":29,"column":8},"end":{"line":31,"column":null}},"type":"if","locations":[{"start":{"line":29,"column":8},"end":{"line":31,"column":null}},{"start":{},"end":{}}],"line":29},"5":{"loc":{"start":{"line":55,"column":29},"end":{"line":55,"column":null}},"type":"cond-expr","locations":[{"start":{"line":55,"column":50},"end":{"line":55,"column":62}},{"start":{"line":55,"column":62},"end":{"line":55,"column":null}}],"line":55}},"s":{"0":1,"1":13,"2":13,"3":10,"4":10,"5":10,"6":4,"7":6,"8":2,"9":4,"10":2,"11":10,"12":10,"13":13,"14":5,"15":5,"16":1,"17":4,"18":4,"19":13,"20":2,"21":13},"f":{"0":13,"1":10,"2":5,"3":2},"b":{"0":[10,8],"1":[4,6],"2":[2,4],"3":[6,4,3],"4":[2,2],"5":[2,2]},"meta":{"lastBranch":6,"lastFunction":4,"lastStatement":22,"seen":{"s:14:31:76:Infinity":0,"f:14:31:14:37":0,"s:15:18:15:Infinity":1,"s:20:24:37:Infinity":2,"f:20:24:20:25":1,"s:21:8:21:Infinity":3,"b:21:26:21:37:21:37:21:42":0,"s:23:22:23:Infinity":4,"b:25:8:31:Infinity:27:8:31:Infinity":1,"s:25:8:31:Infinity":5,"s:26:12:26:Infinity":6,"b:27:8:31:Infinity:29:8:31:Infinity":2,"s:27:8:31:Infinity":7,"b:27:19:27:48:27:48:27:66:27:66:27:86":3,"s:28:12:28:Infinity":8,"b:29:8:31:Infinity:undefined:undefined:undefined:undefined":4,"s:29:8:31:Infinity":9,"s:30:12:30:Infinity":10,"s:34:8:34:Infinity":11,"s:36:8:36:Infinity":12,"s:42:21:60:Infinity":13,"f:42:21:42:Infinity":2,"s:46:8:59:Infinity":14,"s:47:25:47:Infinity":15,"s:48:12:48:Infinity":16,"s:50:12:50:Infinity":17,"s:51:12:58:Infinity":18,"b:55:50:55:62:55:62:55:Infinity":5,"s:65:24:69:Infinity":19,"f:65:24:65:25":3,"s:65:89:69:Infinity":20,"s:71:4:75:Infinity":21}}}
,"C:\\Users\\Ibnu Alinsani\\Coding\\Projects\\test\\app\\composables\\useForm.ts": {"path":"C:\\Users\\Ibnu Alinsani\\Coding\\Projects\\test\\app\\composables\\useForm.ts","statementMap":{"0":{"start":{"line":8,"column":10},"end":{"line":8,"column":null}},"1":{"start":{"line":9,"column":10},"end":{"line":9,"column":null}},"2":{"start":{"line":10,"column":10},"end":{"line":10,"column":null}},"3":{"start":{"line":12,"column":22},"end":{"line":15,"column":null}},"4":{"start":{"line":13,"column":8},"end":{"line":13,"column":null}},"5":{"start":{"line":14,"column":8},"end":{"line":14,"column":null}},"6":{"start":{"line":17,"column":26},"end":{"line":34,"column":null}},"7":{"start":{"line":18,"column":8},"end":{"line":18,"column":null}},"8":{"start":{"line":18,"column":20},"end":{"line":18,"column":null}},"9":{"start":{"line":20,"column":22},"end":{"line":20,"column":null}},"10":{"start":{"line":22,"column":8},"end":{"line":25,"column":null}},"11":{"start":{"line":23,"column":12},"end":{"line":23,"column":null}},"12":{"start":{"line":24,"column":12},"end":{"line":24,"column":null}},"13":{"start":{"line":27,"column":8},"end":{"line":30,"column":null}},"14":{"start":{"line":28,"column":12},"end":{"line":28,"column":null}},"15":{"start":{"line":29,"column":12},"end":{"line":29,"column":null}},"16":{"start":{"line":32,"column":8},"end":{"line":32,"column":null}},"17":{"start":{"line":33,"column":8},"end":{"line":33,"column":null}},"18":{"start":{"line":36,"column":25},"end":{"line":52,"column":null}},"19":{"start":{"line":40,"column":8},"end":{"line":40,"column":null}},"20":{"start":{"line":41,"column":8},"end":{"line":41,"column":null}},"21":{"start":{"line":43,"column":8},"end":{"line":51,"column":null}},"22":{"start":{"line":44,"column":12},"end":{"line":44,"column":null}},"23":{"start":{"line":45,"column":12},"end":{"line":45,"column":null}},"24":{"start":{"line":45,"column":27},"end":{"line":45,"column":null}},"25":{"start":{"line":46,"column":12},"end":{"line":46,"column":null}},"26":{"start":{"line":48,"column":12},"end":{"line":48,"column":null}},"27":{"start":{"line":50,"column":12},"end":{"line":50,"column":null}},"28":{"start":{"line":54,"column":4},"end":{"line":61,"column":null}}},"fnMap":{"0":{"name":"useForm","decl":{"start":{"line":7,"column":16},"end":{"line":7,"column":45}},"loc":{"start":{"line":7,"column":61},"end":{"line":62,"column":null}},"line":7},"1":{"name":"(anonymous_1)","decl":{"start":{"line":12,"column":22},"end":{"line":12,"column":28}},"loc":{"start":{"line":12,"column":28},"end":{"line":15,"column":null}},"line":12},"2":{"name":"(anonymous_2)","decl":{"start":{"line":17,"column":26},"end":{"line":17,"column":27}},"loc":{"start":{"line":17,"column":95},"end":{"line":34,"column":null}},"line":17},"3":{"name":"(anonymous_3)","decl":{"start":{"line":36,"column":25},"end":{"line":36,"column":null}},"loc":{"start":{"line":39,"column":9},"end":{"line":52,"column":null}},"line":39}},"branchMap":{"0":{"loc":{"start":{"line":18,"column":8},"end":{"line":18,"column":null}},"type":"if","locations":[{"start":{"line":18,"column":8},"end":{"line":18,"column":null}},{"start":{},"end":{}}],"line":18},"1":{"loc":{"start":{"line":22,"column":8},"end":{"line":25,"column":null}},"type":"if","locations":[{"start":{"line":22,"column":8},"end":{"line":25,"column":null}},{"start":{},"end":{}}],"line":22},"2":{"loc":{"start":{"line":22,"column":12},"end":{"line":22,"column":38}},"type":"binary-expr","locations":[{"start":{"line":22,"column":12},"end":{"line":22,"column":30}},{"start":{"line":22,"column":30},"end":{"line":22,"column":38}}],"line":22},"3":{"loc":{"start":{"line":27,"column":8},"end":{"line":30,"column":null}},"type":"if","locations":[{"start":{"line":27,"column":8},"end":{"line":30,"column":null}},{"start":{},"end":{}}],"line":27},"4":{"loc":{"start":{"line":27,"column":12},"end":{"line":27,"column":79}},"type":"binary-expr","locations":[{"start":{"line":27,"column":12},"end":{"line":27,"column":27}},{"start":{"line":27,"column":27},"end":{"line":27,"column":36}},{"start":{"line":27,"column":36},"end":{"line":27,"column":79}}],"line":27},"5":{"loc":{"start":{"line":45,"column":12},"end":{"line":45,"column":null}},"type":"if","locations":[{"start":{"line":45,"column":12},"end":{"line":45,"column":null}},{"start":{},"end":{}}],"line":45}},"s":{"0":17,"1":17,"2":17,"3":17,"4":5,"5":5,"6":17,"7":9,"8":1,"9":8,"10":8,"11":3,"12":3,"13":5,"14":1,"15":1,"16":4,"17":4,"18":17,"19":4,"20":4,"21":4,"22":4,"23":3,"24":1,"25":3,"26":1,"27":4,"28":17},"f":{"0":17,"1":5,"2":9,"3":4},"b":{"0":[1,8],"1":[3,5],"2":[8,5],"3":[1,4],"4":[5,3,2],"5":[1,2]},"meta":{"lastBranch":6,"lastFunction":4,"lastStatement":29,"seen":{"f:7:16:7:45":0,"s:8:10:8:Infinity":0,"s:9:10:9:Infinity":1,"s:10:10:10:Infinity":2,"s:12:22:15:Infinity":3,"f:12:22:12:28":1,"s:13:8:13:Infinity":4,"s:14:8:14:Infinity":5,"s:17:26:34:Infinity":6,"f:17:26:17:27":2,"b:18:8:18:Infinity:undefined:undefined:undefined:undefined":0,"s:18:8:18:Infinity":7,"s:18:20:18:Infinity":8,"s:20:22:20:Infinity":9,"b:22:8:25:Infinity:undefined:undefined:undefined:undefined":1,"s:22:8:25:Infinity":10,"b:22:12:22:30:22:30:22:38":2,"s:23:12:23:Infinity":11,"s:24:12:24:Infinity":12,"b:27:8:30:Infinity:undefined:undefined:undefined:undefined":3,"s:27:8:30:Infinity":13,"b:27:12:27:27:27:27:27:36:27:36:27:79":4,"s:28:12:28:Infinity":14,"s:29:12:29:Infinity":15,"s:32:8:32:Infinity":16,"s:33:8:33:Infinity":17,"s:36:25:52:Infinity":18,"f:36:25:36:Infinity":3,"s:40:8:40:Infinity":19,"s:41:8:41:Infinity":20,"s:43:8:51:Infinity":21,"s:44:12:44:Infinity":22,"b:45:12:45:Infinity:undefined:undefined:undefined:undefined":5,"s:45:12:45:Infinity":23,"s:45:27:45:Infinity":24,"s:46:12:46:Infinity":25,"s:48:12:48:Infinity":26,"s:50:12:50:Infinity":27,"s:54:4:61:Infinity":28}}}
,"C:\\Users\\Ibnu Alinsani\\Coding\\Projects\\test\\app\\composables\\useInnovationData.ts": {"path":"C:\\Users\\Ibnu Alinsani\\Coding\\Projects\\test\\app\\composables\\useInnovationData.ts","statementMap":{"0":{"start":{"line":20,"column":33},"end":{"line":224,"column":null}},"1":{"start":{"line":25,"column":47},"end":{"line":62,"column":null}},"2":{"start":{"line":68,"column":66},"end":{"line":161,"column":null}},"3":{"start":{"line":166,"column":33},"end":{"line":166,"column":null}},"4":{"start":{"line":173,"column":27},"end":{"line":173,"column":null}},"5":{"start":{"line":173,"column":56},"end":{"line":173,"column":null}},"6":{"start":{"line":187,"column":23},"end":{"line":189,"column":null}},"7":{"start":{"line":188,"column":8},"end":{"line":188,"column":null}},"8":{"start":{"line":197,"column":23},"end":{"line":199,"column":null}},"9":{"start":{"line":198,"column":8},"end":{"line":198,"column":null}},"10":{"start":{"line":206,"column":28},"end":{"line":208,"column":null}},"11":{"start":{"line":207,"column":8},"end":{"line":207,"column":null}},"12":{"start":{"line":210,"column":4},"end":{"line":223,"column":null}}},"fnMap":{"0":{"name":"(anonymous_0)","decl":{"start":{"line":20,"column":33},"end":{"line":20,"column":39}},"loc":{"start":{"line":20,"column":39},"end":{"line":224,"column":null}},"line":20},"1":{"name":"(anonymous_1)","decl":{"start":{"line":173,"column":27},"end":{"line":173,"column":56}},"loc":{"start":{"line":173,"column":56},"end":{"line":173,"column":null}},"line":173},"2":{"name":"(anonymous_2)","decl":{"start":{"line":187,"column":23},"end":{"line":187,"column":24}},"loc":{"start":{"line":187,"column":60},"end":{"line":189,"column":null}},"line":187},"3":{"name":"(anonymous_3)","decl":{"start":{"line":197,"column":23},"end":{"line":197,"column":24}},"loc":{"start":{"line":197,"column":50},"end":{"line":199,"column":null}},"line":197},"4":{"name":"(anonymous_4)","decl":{"start":{"line":206,"column":28},"end":{"line":206,"column":44}},"loc":{"start":{"line":206,"column":44},"end":{"line":208,"column":null}},"line":206}},"branchMap":{"0":{"loc":{"start":{"line":188,"column":15},"end":{"line":188,"column":null}},"type":"binary-expr","locations":[{"start":{"line":188,"column":15},"end":{"line":188,"column":33}},{"start":{"line":188,"column":33},"end":{"line":188,"column":null}}],"line":188}},"s":{"0":1,"1":25,"2":25,"3":25,"4":25,"5":2,"6":25,"7":10,"8":25,"9":6,"10":25,"11":2,"12":25},"f":{"0":25,"1":2,"2":10,"3":6,"4":2},"b":{"0":[10,1]},"meta":{"lastBranch":1,"lastFunction":5,"lastStatement":13,"seen":{"s:20:33:224:Infinity":0,"f:20:33:20:39":0,"s:25:47:62:Infinity":1,"s:68:66:161:Infinity":2,"s:166:33:166:Infinity":3,"s:173:27:173:Infinity":4,"f:173:27:173:56":1,"s:173:56:173:Infinity":5,"s:187:23:189:Infinity":6,"f:187:23:187:24":2,"s:188:8:188:Infinity":7,"b:188:15:188:33:188:33:188:Infinity":0,"s:197:23:199:Infinity":8,"f:197:23:197:24":3,"s:198:8:198:Infinity":9,"s:206:28:208:Infinity":10,"f:206:28:206:44":4,"s:207:8:207:Infinity":11,"s:210:4:223:Infinity":12}}}
,"C:\\Users\\Ibnu Alinsani\\Coding\\Projects\\test\\app\\composables\\useSchema.ts": {"path":"C:\\Users\\Ibnu Alinsani\\Coding\\Projects\\test\\app\\composables\\useSchema.ts","statementMap":{"0":{"start":{"line":33,"column":32},"end":{"line":67,"column":null}},"1":{"start":{"line":34,"column":4},"end":{"line":66,"column":null}},"2":{"start":{"line":73,"column":28},"end":{"line":86,"column":null}},"3":{"start":{"line":74,"column":4},"end":{"line":85,"column":null}},"4":{"start":{"line":77,"column":37},"end":{"line":84,"column":10}},"5":{"start":{"line":92,"column":37},"end":{"line":113,"column":null}},"6":{"start":{"line":93,"column":4},"end":{"line":112,"column":null}},"7":{"start":{"line":119,"column":35},"end":{"line":130,"column":null}},"8":{"start":{"line":120,"column":4},"end":{"line":129,"column":null}},"9":{"start":{"line":123,"column":53},"end":{"line":128,"column":10}},"10":{"start":{"line":136,"column":38},"end":{"line":173,"column":null}},"11":{"start":{"line":137,"column":4},"end":{"line":172,"column":null}},"12":{"start":{"line":179,"column":32},"end":{"line":208,"column":null}},"13":{"start":{"line":187,"column":4},"end":{"line":207,"column":null}},"14":{"start":{"line":214,"column":31},"end":{"line":219,"column":null}},"15":{"start":{"line":215,"column":4},"end":{"line":218,"column":null}}},"fnMap":{"0":{"name":"(anonymous_0)","decl":{"start":{"line":33,"column":32},"end":{"line":33,"column":33}},"loc":{"start":{"line":33,"column":54},"end":{"line":67,"column":null}},"line":33},"1":{"name":"(anonymous_1)","decl":{"start":{"line":73,"column":28},"end":{"line":73,"column":29}},"loc":{"start":{"line":73,"column":45},"end":{"line":86,"column":null}},"line":73},"2":{"name":"(anonymous_2)","decl":{"start":{"line":77,"column":29},"end":{"line":77,"column":37}},"loc":{"start":{"line":77,"column":37},"end":{"line":84,"column":10}},"line":77},"3":{"name":"(anonymous_3)","decl":{"start":{"line":92,"column":37},"end":{"line":92,"column":43}},"loc":{"start":{"line":92,"column":43},"end":{"line":113,"column":null}},"line":92},"4":{"name":"(anonymous_4)","decl":{"start":{"line":119,"column":35},"end":{"line":119,"column":36}},"loc":{"start":{"line":119,"column":64},"end":{"line":130,"column":null}},"line":119},"5":{"name":"(anonymous_5)","decl":{"start":{"line":123,"column":35},"end":{"line":123,"column":36}},"loc":{"start":{"line":123,"column":53},"end":{"line":128,"column":10}},"line":123},"6":{"name":"(anonymous_6)","decl":{"start":{"line":136,"column":38},"end":{"line":136,"column":44}},"loc":{"start":{"line":136,"column":44},"end":{"line":173,"column":null}},"line":136},"7":{"name":"(anonymous_7)","decl":{"start":{"line":179,"column":32},"end":{"line":179,"column":33}},"loc":{"start":{"line":186,"column":6},"end":{"line":208,"column":null}},"line":186},"8":{"name":"(anonymous_8)","decl":{"start":{"line":214,"column":31},"end":{"line":214,"column":32}},"loc":{"start":{"line":214,"column":48},"end":{"line":219,"column":null}},"line":214}},"branchMap":{"0":{"loc":{"start":{"line":42,"column":18},"end":{"line":42,"column":null}},"type":"binary-expr","locations":[{"start":{"line":42,"column":18},"end":{"line":42,"column":35}},{"start":{"line":42,"column":35},"end":{"line":42,"column":null}}],"line":42},"1":{"loc":{"start":{"line":50,"column":26},"end":{"line":52,"column":null}},"type":"cond-expr","locations":[{"start":{"line":51,"column":18},"end":{"line":51,"column":null}},{"start":{"line":52,"column":18},"end":{"line":52,"column":null}}],"line":50},"2":{"loc":{"start":{"line":53,"column":17},"end":{"line":53,"column":null}},"type":"cond-expr","locations":[{"start":{"line":53,"column":49},"end":{"line":53,"column":72}},{"start":{"line":53,"column":72},"end":{"line":53,"column":null}}],"line":53},"3":{"loc":{"start":{"line":59,"column":12},"end":{"line":65,"column":null}},"type":"cond-expr","locations":[{"start":{"line":59,"column":52},"end":{"line":65,"column":12}},{"start":{"line":65,"column":12},"end":{"line":65,"column":null}}],"line":59},"4":{"loc":{"start":{"line":59,"column":12},"end":{"line":59,"column":52}},"type":"binary-expr","locations":[{"start":{"line":59,"column":12},"end":{"line":59,"column":30}},{"start":{"line":59,"column":30},"end":{"line":59,"column":52}}],"line":59},"5":{"loc":{"start":{"line":206,"column":22},"end":{"line":206,"column":null}},"type":"binary-expr","locations":[{"start":{"line":206,"column":22},"end":{"line":206,"column":46}},{"start":{"line":206,"column":46},"end":{"line":206,"column":null}}],"line":206}},"s":{"0":1,"1":9,"2":1,"3":4,"4":8,"5":1,"6":4,"7":1,"8":4,"9":12,"10":1,"11":4,"12":1,"13":5,"14":1,"15":2},"f":{"0":9,"1":4,"2":8,"3":4,"4":4,"5":12,"6":4,"7":5,"8":2},"b":{"0":[9,8],"1":[8,1],"2":[8,1],"3":[1,8],"4":[9,1],"5":[5,4]},"meta":{"lastBranch":6,"lastFunction":9,"lastStatement":16,"seen":{"s:33:32:67:Infinity":0,"f:33:32:33:33":0,"s:34:4:66:Infinity":1,"b:42:18:42:35:42:35:42:Infinity":0,"b:51:18:51:Infinity:52:18:52:Infinity":1,"b:53:49:53:72:53:72:53:Infinity":2,"b:59:52:65:12:65:12:65:Infinity":3,"b:59:12:59:30:59:30:59:52":4,"s:73:28:86:Infinity":2,"f:73:28:73:29":1,"s:74:4:85:Infinity":3,"f:77:29:77:37":2,"s:77:37:84:10":4,"s:92:37:113:Infinity":5,"f:92:37:92:43":3,"s:93:4:112:Infinity":6,"s:119:35:130:Infinity":7,"f:119:35:119:36":4,"s:120:4:129:Infinity":8,"f:123:35:123:36":5,"s:123:53:128:10":9,"s:136:38:173:Infinity":10,"f:136:38:136:44":6,"s:137:4:172:Infinity":11,"s:179:32:208:Infinity":12,"f:179:32:179:33":7,"s:187:4:207:Infinity":13,"b:206:22:206:46:206:46:206:Infinity":5,"s:214:31:219:Infinity":14,"f:214:31:214:32":8,"s:215:4:218:Infinity":15}}}
,"C:\\Users\\Ibnu Alinsani\\Coding\\Projects\\test\\app\\composables\\useScrollAnimations.ts": {"path":"C:\\Users\\Ibnu Alinsani\\Coding\\Projects\\test\\app\\composables\\useScrollAnimations.ts","statementMap":{"0":{"start":{"line":6,"column":0},"end":{"line":8,"column":null}},"1":{"start":{"line":7,"column":4},"end":{"line":7,"column":null}},"2":{"start":{"line":10,"column":35},"end":{"line":157,"column":null}},"3":{"start":{"line":11,"column":40},"end":{"line":11,"column":null}},"4":{"start":{"line":14,"column":20},"end":{"line":139,"column":null}},"5":{"start":{"line":17,"column":12},"end":{"line":32,"column":null}},"6":{"start":{"line":37,"column":12},"end":{"line":52,"column":null}},"7":{"start":{"line":57,"column":23},"end":{"line":64,"column":null}},"8":{"start":{"line":66,"column":12},"end":{"line":82,"column":null}},"9":{"start":{"line":84,"column":12},"end":{"line":84,"column":null}},"10":{"start":{"line":89,"column":12},"end":{"line":104,"column":null}},"11":{"start":{"line":91,"column":39},"end":{"line":91,"column":null}},"12":{"start":{"line":109,"column":12},"end":{"line":118,"column":null}},"13":{"start":{"line":110,"column":25},"end":{"line":110,"column":null}},"14":{"start":{"line":123,"column":12},"end":{"line":137,"column":null}},"15":{"start":{"line":142,"column":20},"end":{"line":145,"column":null}},"16":{"start":{"line":143,"column":8},"end":{"line":143,"column":null}},"17":{"start":{"line":143,"column":40},"end":{"line":143,"column":54}},"18":{"start":{"line":144,"column":8},"end":{"line":144,"column":null}},"19":{"start":{"line":144,"column":52},"end":{"line":144,"column":66}},"20":{"start":{"line":147,"column":4},"end":{"line":149,"column":null}},"21":{"start":{"line":148,"column":8},"end":{"line":148,"column":null}},"22":{"start":{"line":151,"column":4},"end":{"line":156,"column":null}}},"fnMap":{"0":{"name":"(anonymous_0)","decl":{"start":{"line":10,"column":35},"end":{"line":10,"column":41}},"loc":{"start":{"line":10,"column":41},"end":{"line":157,"column":null}},"line":10},"1":{"name":"(anonymous_1)","decl":{"start":{"line":16,"column":23},"end":{"line":16,"column":24}},"loc":{"start":{"line":16,"column":81},"end":{"line":33,"column":null}},"line":16},"2":{"name":"(anonymous_2)","decl":{"start":{"line":36,"column":20},"end":{"line":36,"column":21}},"loc":{"start":{"line":36,"column":78},"end":{"line":53,"column":null}},"line":36},"3":{"name":"(anonymous_3)","decl":{"start":{"line":56,"column":22},"end":{"line":56,"column":23}},"loc":{"start":{"line":56,"column":67},"end":{"line":85,"column":null}},"line":56},"4":{"name":"(anonymous_4)","decl":{"start":{"line":88,"column":22},"end":{"line":88,"column":23}},"loc":{"start":{"line":88,"column":80},"end":{"line":105,"column":null}},"line":88},"5":{"name":"(anonymous_5)","decl":{"start":{"line":91,"column":19},"end":{"line":91,"column":20}},"loc":{"start":{"line":91,"column":39},"end":{"line":91,"column":null}},"line":91},"6":{"name":"(anonymous_6)","decl":{"start":{"line":108,"column":18},"end":{"line":108,"column":19}},"loc":{"start":{"line":108,"column":62},"end":{"line":119,"column":null}},"line":108},"7":{"name":"(anonymous_7)","decl":{"start":{"line":110,"column":19},"end":{"line":110,"column":25}},"loc":{"start":{"line":110,"column":25},"end":{"line":110,"column":null}},"line":110},"8":{"name":"(anonymous_8)","decl":{"start":{"line":122,"column":18},"end":{"line":122,"column":19}},"loc":{"start":{"line":122,"column":76},"end":{"line":138,"column":null}},"line":122},"9":{"name":"(anonymous_9)","decl":{"start":{"line":142,"column":20},"end":{"line":142,"column":26}},"loc":{"start":{"line":142,"column":26},"end":{"line":145,"column":null}},"line":142},"10":{"name":"(anonymous_10)","decl":{"start":{"line":143,"column":27},"end":{"line":143,"column":28}},"loc":{"start":{"line":143,"column":40},"end":{"line":143,"column":54}},"line":143},"11":{"name":"(anonymous_11)","decl":{"start":{"line":144,"column":39},"end":{"line":144,"column":40}},"loc":{"start":{"line":144,"column":52},"end":{"line":144,"column":66}},"line":144},"12":{"name":"(anonymous_12)","decl":{"start":{"line":147,"column":16},"end":{"line":147,"column":22}},"loc":{"start":{"line":147,"column":22},"end":{"line":149,"column":5}},"line":147}},"branchMap":{"0":{"loc":{"start":{"line":6,"column":0},"end":{"line":8,"column":null}},"type":"if","locations":[{"start":{"line":6,"column":0},"end":{"line":8,"column":null}},{"start":{},"end":{}}],"line":6},"1":{"loc":{"start":{"line":16,"column":64},"end":{"line":16,"column":81}},"type":"default-arg","locations":[{"start":{"line":16,"column":74},"end":{"line":16,"column":81}}],"line":16},"2":{"loc":{"start":{"line":36,"column":61},"end":{"line":36,"column":78}},"type":"default-arg","locations":[{"start":{"line":36,"column":71},"end":{"line":36,"column":78}}],"line":36},"3":{"loc":{"start":{"line":56,"column":50},"end":{"line":56,"column":67}},"type":"default-arg","locations":[{"start":{"line":56,"column":60},"end":{"line":56,"column":67}}],"line":56},"4":{"loc":{"start":{"line":88,"column":63},"end":{"line":88,"column":80}},"type":"default-arg","locations":[{"start":{"line":88,"column":73},"end":{"line":88,"column":80}}],"line":88},"5":{"loc":{"start":{"line":91,"column":39},"end":{"line":91,"column":null}},"type":"cond-expr","locations":[{"start":{"line":91,"column":57},"end":{"line":91,"column":64}},{"start":{"line":91,"column":64},"end":{"line":91,"column":null}}],"line":91},"6":{"loc":{"start":{"line":108,"column":46},"end":{"line":108,"column":62}},"type":"default-arg","locations":[{"start":{"line":108,"column":54},"end":{"line":108,"column":62}}],"line":108},"7":{"loc":{"start":{"line":122,"column":59},"end":{"line":122,"column":76}},"type":"default-arg","locations":[{"start":{"line":122,"column":69},"end":{"line":122,"column":76}}],"line":122}},"s":{"0":1,"1":1,"2":1,"3":28,"4":28,"5":2,"6":2,"7":1,"8":1,"9":1,"10":4,"11":6,"12":4,"13":3,"14":2,"15":28,"16":30,"17":0,"18":30,"19":30,"20":28,"21":28,"22":28},"f":{"0":28,"1":2,"2":2,"3":1,"4":4,"5":6,"6":4,"7":3,"8":2,"9":30,"10":0,"11":30,"12":28},"b":{"0":[1,0],"1":[2],"2":[2],"3":[1],"4":[4],"5":[3,3],"6":[4],"7":[2]},"meta":{"lastBranch":8,"lastFunction":13,"lastStatement":23,"seen":{"b:6:0:8:Infinity:undefined:undefined:undefined:undefined":0,"s:6:0:8:Infinity":0,"s:7:4:7:Infinity":1,"s:10:35:157:Infinity":2,"f:10:35:10:41":0,"s:11:40:11:Infinity":3,"s:14:20:139:Infinity":4,"f:16:23:16:24":1,"b:16:74:16:81":1,"s:17:12:32:Infinity":5,"f:36:20:36:21":2,"b:36:71:36:78":2,"s:37:12:52:Infinity":6,"f:56:22:56:23":3,"b:56:60:56:67":3,"s:57:23:64:Infinity":7,"s:66:12:82:Infinity":8,"s:84:12:84:Infinity":9,"f:88:22:88:23":4,"b:88:73:88:80":4,"s:89:12:104:Infinity":10,"f:91:19:91:20":5,"s:91:39:91:Infinity":11,"b:91:57:91:64:91:64:91:Infinity":5,"f:108:18:108:19":6,"b:108:54:108:62":6,"s:109:12:118:Infinity":12,"f:110:19:110:25":7,"s:110:25:110:Infinity":13,"f:122:18:122:19":8,"b:122:69:122:76":7,"s:123:12:137:Infinity":14,"s:142:20:145:Infinity":15,"f:142:20:142:26":9,"s:143:8:143:Infinity":16,"f:143:27:143:28":10,"s:143:40:143:54":17,"s:144:8:144:Infinity":18,"f:144:39:144:40":11,"s:144:52:144:66":19,"s:147:4:149:Infinity":20,"f:147:16:147:22":12,"s:148:8:148:Infinity":21,"s:151:4:156:Infinity":22}}}
,"C:\\Users\\Ibnu Alinsani\\Coding\\Projects\\test\\app\\composables\\useScrollReveal.ts": {"path":"C:\\Users\\Ibnu Alinsani\\Coding\\Projects\\test\\app\\composables\\useScrollReveal.ts","statementMap":{"0":{"start":{"line":3,"column":31},"end":{"line":33,"column":null}},"1":{"start":{"line":4,"column":10},"end":{"line":4,"column":null}},"2":{"start":{"line":5,"column":10},"end":{"line":5,"column":null}},"3":{"start":{"line":6,"column":48},"end":{"line":6,"column":null}},"4":{"start":{"line":8,"column":4},"end":{"line":24,"column":null}},"5":{"start":{"line":9,"column":8},"end":{"line":19,"column":null}},"6":{"start":{"line":11,"column":16},"end":{"line":13,"column":null}},"7":{"start":{"line":12,"column":20},"end":{"line":12,"column":null}},"8":{"start":{"line":21,"column":8},"end":{"line":23,"column":null}},"9":{"start":{"line":22,"column":12},"end":{"line":22,"column":null}},"10":{"start":{"line":26,"column":4},"end":{"line":30,"column":null}},"11":{"start":{"line":27,"column":8},"end":{"line":29,"column":null}},"12":{"start":{"line":28,"column":12},"end":{"line":28,"column":null}},"13":{"start":{"line":32,"column":4},"end":{"line":32,"column":null}}},"fnMap":{"0":{"name":"(anonymous_0)","decl":{"start":{"line":3,"column":31},"end":{"line":3,"column":32}},"loc":{"start":{"line":3,"column":75},"end":{"line":33,"column":null}},"line":3},"1":{"name":"(anonymous_1)","decl":{"start":{"line":8,"column":14},"end":{"line":8,"column":20}},"loc":{"start":{"line":8,"column":20},"end":{"line":24,"column":5}},"line":8},"2":{"name":"(anonymous_2)","decl":{"start":{"line":10,"column":12},"end":{"line":10,"column":13}},"loc":{"start":{"line":10,"column":25},"end":{"line":14,"column":null}},"line":10},"3":{"name":"(anonymous_3)","decl":{"start":{"line":26,"column":16},"end":{"line":26,"column":22}},"loc":{"start":{"line":26,"column":22},"end":{"line":30,"column":5}},"line":26}},"branchMap":{"0":{"loc":{"start":{"line":3,"column":32},"end":{"line":3,"column":49}},"type":"default-arg","locations":[{"start":{"line":3,"column":44},"end":{"line":3,"column":49}}],"line":3},"1":{"loc":{"start":{"line":3,"column":49},"end":{"line":3,"column":75}},"type":"default-arg","locations":[{"start":{"line":3,"column":62},"end":{"line":3,"column":75}}],"line":3},"2":{"loc":{"start":{"line":11,"column":16},"end":{"line":13,"column":null}},"type":"if","locations":[{"start":{"line":11,"column":16},"end":{"line":13,"column":null}},{"start":{},"end":{}}],"line":11},"3":{"loc":{"start":{"line":21,"column":8},"end":{"line":23,"column":null}},"type":"if","locations":[{"start":{"line":21,"column":8},"end":{"line":23,"column":null}},{"start":{},"end":{}}],"line":21},"4":{"loc":{"start":{"line":27,"column":8},"end":{"line":29,"column":null}},"type":"if","locations":[{"start":{"line":27,"column":8},"end":{"line":29,"column":null}},{"start":{},"end":{}}],"line":27}},"s":{"0":1,"1":18,"2":18,"3":18,"4":18,"5":18,"6":5,"7":3,"8":18,"9":0,"10":18,"11":18,"12":18,"13":18},"f":{"0":18,"1":18,"2":5,"3":18},"b":{"0":[18],"1":[18],"2":[3,2],"3":[0,18],"4":[18,0]},"meta":{"lastBranch":5,"lastFunction":4,"lastStatement":14,"seen":{"s:3:31:33:Infinity":0,"f:3:31:3:32":0,"b:3:44:3:49":0,"b:3:62:3:75":1,"s:4:10:4:Infinity":1,"s:5:10:5:Infinity":2,"s:6:48:6:Infinity":3,"s:8:4:24:Infinity":4,"f:8:14:8:20":1,"s:9:8:19:Infinity":5,"f:10:12:10:13":2,"b:11:16:13:Infinity:undefined:undefined:undefined:undefined":2,"s:11:16:13:Infinity":6,"s:12:20:12:Infinity":7,"b:21:8:23:Infinity:undefined:undefined:undefined:undefined":3,"s:21:8:23:Infinity":8,"s:22:12:22:Infinity":9,"s:26:4:30:Infinity":10,"f:26:16:26:22":3,"b:27:8:29:Infinity:undefined:undefined:undefined:undefined":4,"s:27:8:29:Infinity":11,"s:28:12:28:Infinity":12,"s:32:4:32:Infinity":13}}}
,"C:\\Users\\Ibnu Alinsani\\Coding\\Projects\\test\\app\\composables\\useSearch.ts": {"path":"C:\\Users\\Ibnu Alinsani\\Coding\\Projects\\test\\app\\composables\\useSearch.ts","statementMap":{"0":{"start":{"line":13,"column":25},"end":{"line":96,"column":null}},"1":{"start":{"line":14,"column":18},"end":{"line":14,"column":null}},"2":{"start":{"line":16,"column":40},"end":{"line":65,"column":null}},"3":{"start":{"line":67,"column":19},"end":{"line":91,"column":null}},"4":{"start":{"line":68,"column":8},"end":{"line":68,"column":null}},"5":{"start":{"line":68,"column":27},"end":{"line":68,"column":null}},"6":{"start":{"line":70,"column":18},"end":{"line":70,"column":null}},"7":{"start":{"line":73,"column":44},"end":{"line":82,"column":null}},"8":{"start":{"line":74,"column":25},"end":{"line":74,"column":97}},"9":{"start":{"line":75,"column":23},"end":{"line":82,"column":14}},"10":{"start":{"line":85,"column":28},"end":{"line":88,"column":null}},"11":{"start":{"line":86,"column":12},"end":{"line":87,"column":null}},"12":{"start":{"line":90,"column":8},"end":{"line":90,"column":null}},"13":{"start":{"line":93,"column":4},"end":{"line":95,"column":null}}},"fnMap":{"0":{"name":"(anonymous_0)","decl":{"start":{"line":13,"column":25},"end":{"line":13,"column":31}},"loc":{"start":{"line":13,"column":31},"end":{"line":96,"column":null}},"line":13},"1":{"name":"(anonymous_1)","decl":{"start":{"line":67,"column":19},"end":{"line":67,"column":20}},"loc":{"start":{"line":67,"column":54},"end":{"line":91,"column":null}},"line":67},"2":{"name":"(anonymous_2)","decl":{"start":{"line":74,"column":20},"end":{"line":74,"column":25}},"loc":{"start":{"line":74,"column":25},"end":{"line":74,"column":97}},"line":74},"3":{"name":"(anonymous_3)","decl":{"start":{"line":75,"column":17},"end":{"line":75,"column":23}},"loc":{"start":{"line":75,"column":23},"end":{"line":82,"column":14}},"line":75},"4":{"name":"(anonymous_4)","decl":{"start":{"line":85,"column":47},"end":{"line":85,"column":null}},"loc":{"start":{"line":86,"column":12},"end":{"line":87,"column":null}},"line":86}},"branchMap":{"0":{"loc":{"start":{"line":68,"column":8},"end":{"line":68,"column":null}},"type":"if","locations":[{"start":{"line":68,"column":8},"end":{"line":68,"column":null}},{"start":{},"end":{}}],"line":68},"1":{"loc":{"start":{"line":74,"column":25},"end":{"line":74,"column":97}},"type":"binary-expr","locations":[{"start":{"line":74,"column":25},"end":{"line":74,"column":61}},{"start":{"line":74,"column":61},"end":{"line":74,"column":97}}],"line":74},"2":{"loc":{"start":{"line":86,"column":12},"end":{"line":87,"column":null}},"type":"binary-expr","locations":[{"start":{"line":86,"column":12},"end":{"line":86,"column":null}},{"start":{"line":87,"column":12},"end":{"line":87,"column":null}}],"line":86}},"s":{"0":1,"1":19,"2":19,"3":19,"4":20,"5":3,"6":17,"7":17,"8":68,"9":12,"10":17,"11":102,"12":17,"13":19},"f":{"0":19,"1":20,"2":68,"3":12,"4":102},"b":{"0":[3,17],"1":[68,56],"2":[102,93]},"meta":{"lastBranch":3,"lastFunction":5,"lastStatement":14,"seen":{"s:13:25:96:Infinity":0,"f:13:25:13:31":0,"s:14:18:14:Infinity":1,"s:16:40:65:Infinity":2,"s:67:19:91:Infinity":3,"f:67:19:67:20":1,"b:68:8:68:Infinity:undefined:undefined:undefined:undefined":0,"s:68:8:68:Infinity":4,"s:68:27:68:Infinity":5,"s:70:18:70:Infinity":6,"s:73:44:82:Infinity":7,"f:74:20:74:25":2,"s:74:25:74:97":8,"b:74:25:74:61:74:61:74:97":1,"f:75:17:75:23":3,"s:75:23:82:14":9,"s:85:28:88:Infinity":10,"f:85:47:85:Infinity":4,"s:86:12:87:Infinity":11,"b:86:12:86:Infinity:87:12:87:Infinity":2,"s:90:8:90:Infinity":12,"s:93:4:95:Infinity":13}}}
,"C:\\Users\\Ibnu Alinsani\\Coding\\Projects\\test\\app\\composables\\useToast.ts": {"path":"C:\\Users\\Ibnu Alinsani\\Coding\\Projects\\test\\app\\composables\\useToast.ts","statementMap":{"0":{"start":{"line":7,"column":24},"end":{"line":29,"column":null}},"1":{"start":{"line":8,"column":19},"end":{"line":8,"column":null}},"2":{"start":{"line":8,"column":53},"end":{"line":8,"column":55}},"3":{"start":{"line":10,"column":22},"end":{"line":18,"column":null}},"4":{"start":{"line":11,"column":19},"end":{"line":11,"column":null}},"5":{"start":{"line":12,"column":8},"end":{"line":12,"column":null}},"6":{"start":{"line":15,"column":8},"end":{"line":17,"column":null}},"7":{"start":{"line":16,"column":12},"end":{"line":16,"column":null}},"8":{"start":{"line":20,"column":24},"end":{"line":22,"column":null}},"9":{"start":{"line":21,"column":8},"end":{"line":21,"column":null}},"10":{"start":{"line":21,"column":48},"end":{"line":21,"column":59}},"11":{"start":{"line":24,"column":4},"end":{"line":28,"column":null}}},"fnMap":{"0":{"name":"(anonymous_0)","decl":{"start":{"line":7,"column":24},"end":{"line":7,"column":30}},"loc":{"start":{"line":7,"column":30},"end":{"line":29,"column":null}},"line":7},"1":{"name":"(anonymous_1)","decl":{"start":{"line":8,"column":47},"end":{"line":8,"column":53}},"loc":{"start":{"line":8,"column":53},"end":{"line":8,"column":55}},"line":8},"2":{"name":"(anonymous_2)","decl":{"start":{"line":10,"column":22},"end":{"line":10,"column":23}},"loc":{"start":{"line":10,"column":91},"end":{"line":18,"column":null}},"line":10},"3":{"name":"(anonymous_3)","decl":{"start":{"line":15,"column":19},"end":{"line":15,"column":25}},"loc":{"start":{"line":15,"column":25},"end":{"line":17,"column":11}},"line":15},"4":{"name":"(anonymous_4)","decl":{"start":{"line":20,"column":24},"end":{"line":20,"column":25}},"loc":{"start":{"line":20,"column":40},"end":{"line":22,"column":null}},"line":20},"5":{"name":"(anonymous_5)","decl":{"start":{"line":21,"column":43},"end":{"line":21,"column":48}},"loc":{"start":{"line":21,"column":48},"end":{"line":21,"column":59}},"line":21}},"branchMap":{"0":{"loc":{"start":{"line":10,"column":40},"end":{"line":10,"column":91}},"type":"default-arg","locations":[{"start":{"line":10,"column":77},"end":{"line":10,"column":91}}],"line":10}},"s":{"0":1,"1":12,"2":12,"3":12,"4":17,"5":17,"6":17,"7":1,"8":12,"9":4,"10":6,"11":12},"f":{"0":12,"1":12,"2":17,"3":1,"4":4,"5":6},"b":{"0":[17]},"meta":{"lastBranch":1,"lastFunction":6,"lastStatement":12,"seen":{"s:7:24:29:Infinity":0,"f:7:24:7:30":0,"s:8:19:8:Infinity":1,"f:8:47:8:53":1,"s:8:53:8:55":2,"s:10:22:18:Infinity":3,"f:10:22:10:23":2,"b:10:77:10:91":0,"s:11:19:11:Infinity":4,"s:12:8:12:Infinity":5,"s:15:8:17:Infinity":6,"f:15:19:15:25":3,"s:16:12:16:Infinity":7,"s:20:24:22:Infinity":8,"f:20:24:20:25":4,"s:21:8:21:Infinity":9,"f:21:43:21:48":5,"s:21:48:21:59":10,"s:24:4:28:Infinity":11}}}
,"C:\\Users\\Ibnu Alinsani\\Coding\\Projects\\test\\app\\stores\\cart.ts": {"path":"C:\\Users\\Ibnu Alinsani\\Coding\\Projects\\test\\app\\stores\\cart.ts","statementMap":{"0":{"start":{"line":4,"column":13},"end":{"line":84,"column":null}},"1":{"start":{"line":5,"column":18},"end":{"line":8,"column":null}},"2":{"start":{"line":11,"column":31},"end":{"line":11,"column":null}},"3":{"start":{"line":11,"column":67},"end":{"line":11,"column":90}},"4":{"start":{"line":14,"column":12},"end":{"line":17,"column":null}},"5":{"start":{"line":15,"column":30},"end":{"line":15,"column":null}},"6":{"start":{"line":16,"column":16},"end":{"line":16,"column":null}},"7":{"start":{"line":21,"column":12},"end":{"line":21,"column":null}},"8":{"start":{"line":25,"column":12},"end":{"line":25,"column":null}},"9":{"start":{"line":31,"column":12},"end":{"line":36,"column":null}},"10":{"start":{"line":32,"column":34},"end":{"line":32,"column":null}},"11":{"start":{"line":33,"column":16},"end":{"line":35,"column":null}},"12":{"start":{"line":34,"column":20},"end":{"line":34,"column":null}},"13":{"start":{"line":40,"column":12},"end":{"line":42,"column":null}},"14":{"start":{"line":41,"column":16},"end":{"line":41,"column":null}},"15":{"start":{"line":46,"column":33},"end":{"line":46,"column":null}},"16":{"start":{"line":46,"column":57},"end":{"line":46,"column":76}},"17":{"start":{"line":48,"column":12},"end":{"line":58,"column":null}},"18":{"start":{"line":49,"column":16},"end":{"line":49,"column":null}},"19":{"start":{"line":51,"column":16},"end":{"line":57,"column":null}},"20":{"start":{"line":59,"column":12},"end":{"line":59,"column":null}},"21":{"start":{"line":63,"column":12},"end":{"line":63,"column":null}},"22":{"start":{"line":63,"column":51},"end":{"line":63,"column":65}},"23":{"start":{"line":64,"column":12},"end":{"line":64,"column":null}},"24":{"start":{"line":68,"column":25},"end":{"line":68,"column":null}},"25":{"start":{"line":68,"column":49},"end":{"line":68,"column":63}},"26":{"start":{"line":69,"column":12},"end":{"line":71,"column":null}},"27":{"start":{"line":70,"column":16},"end":{"line":70,"column":null}},"28":{"start":{"line":72,"column":12},"end":{"line":72,"column":null}},"29":{"start":{"line":76,"column":12},"end":{"line":76,"column":null}},"30":{"start":{"line":77,"column":12},"end":{"line":77,"column":null}},"31":{"start":{"line":81,"column":12},"end":{"line":81,"column":null}}},"fnMap":{"0":{"name":"(anonymous_0)","decl":{"start":{"line":5,"column":11},"end":{"line":5,"column":18}},"loc":{"start":{"line":5,"column":18},"end":{"line":8,"column":null}},"line":5},"1":{"name":"(anonymous_1)","decl":{"start":{"line":11,"column":20},"end":{"line":11,"column":21}},"loc":{"start":{"line":11,"column":31},"end":{"line":11,"column":null}},"line":11},"2":{"name":"(anonymous_2)","decl":{"start":{"line":11,"column":50},"end":{"line":11,"column":51}},"loc":{"start":{"line":11,"column":67},"end":{"line":11,"column":90}},"line":11},"3":{"name":"(anonymous_3)","decl":{"start":{"line":13,"column":18},"end":{"line":13,"column":19}},"loc":{"start":{"line":13,"column":29},"end":{"line":18,"column":null}},"line":13},"4":{"name":"(anonymous_4)","decl":{"start":{"line":14,"column":38},"end":{"line":14,"column":39}},"loc":{"start":{"line":14,"column":55},"end":{"line":17,"column":15}},"line":14},"5":{"name":"(anonymous_5)","decl":{"start":{"line":20,"column":8},"end":{"line":20,"column":22}},"loc":{"start":{"line":20,"column":22},"end":{"line":22,"column":null}},"line":20},"6":{"name":"(anonymous_6)","decl":{"start":{"line":24,"column":8},"end":{"line":24,"column":24}},"loc":{"start":{"line":24,"column":24},"end":{"line":26,"column":null}},"line":24},"7":{"name":"(anonymous_7)","decl":{"start":{"line":30,"column":8},"end":{"line":30,"column":25}},"loc":{"start":{"line":30,"column":25},"end":{"line":37,"column":null}},"line":30},"8":{"name":"(anonymous_8)","decl":{"start":{"line":39,"column":8},"end":{"line":39,"column":19}},"loc":{"start":{"line":39,"column":19},"end":{"line":43,"column":null}},"line":39},"9":{"name":"(anonymous_9)","decl":{"start":{"line":45,"column":8},"end":{"line":45,"column":16}},"loc":{"start":{"line":45,"column":28},"end":{"line":60,"column":null}},"line":45},"10":{"name":"(anonymous_10)","decl":{"start":{"line":46,"column":49},"end":{"line":46,"column":57}},"loc":{"start":{"line":46,"column":57},"end":{"line":46,"column":76}},"line":46},"11":{"name":"(anonymous_11)","decl":{"start":{"line":62,"column":8},"end":{"line":62,"column":19}},"loc":{"start":{"line":62,"column":31},"end":{"line":65,"column":null}},"line":62},"12":{"name":"(anonymous_12)","decl":{"start":{"line":63,"column":43},"end":{"line":63,"column":51}},"loc":{"start":{"line":63,"column":51},"end":{"line":63,"column":65}},"line":63},"13":{"name":"(anonymous_13)","decl":{"start":{"line":67,"column":8},"end":{"line":67,"column":23}},"loc":{"start":{"line":67,"column":53},"end":{"line":73,"column":null}},"line":67},"14":{"name":"(anonymous_14)","decl":{"start":{"line":68,"column":41},"end":{"line":68,"column":49}},"loc":{"start":{"line":68,"column":49},"end":{"line":68,"column":63}},"line":68},"15":{"name":"(anonymous_15)","decl":{"start":{"line":75,"column":8},"end":{"line":75,"column":20}},"loc":{"start":{"line":75,"column":20},"end":{"line":78,"column":null}},"line":75},"16":{"name":"(anonymous_16)","decl":{"start":{"line":80,"column":8},"end":{"line":80,"column":21}},"loc":{"start":{"line":80,"column":21},"end":{"line":82,"column":null}},"line":80}},"branchMap":{"0":{"loc":{"start":{"line":31,"column":12},"end":{"line":36,"column":null}},"type":"if","locations":[{"start":{"line":31,"column":12},"end":{"line":36,"column":null}},{"start":{},"end":{}}],"line":31},"1":{"loc":{"start":{"line":33,"column":16},"end":{"line":35,"column":null}},"type":"if","locations":[{"start":{"line":33,"column":16},"end":{"line":35,"column":null}},{"start":{},"end":{}}],"line":33},"2":{"loc":{"start":{"line":40,"column":12},"end":{"line":42,"column":null}},"type":"if","locations":[{"start":{"line":40,"column":12},"end":{"line":42,"column":null}},{"start":{},"end":{}}],"line":40},"3":{"loc":{"start":{"line":48,"column":12},"end":{"line":58,"column":null}},"type":"if","locations":[{"start":{"line":48,"column":12},"end":{"line":58,"column":null}},{"start":{"line":50,"column":19},"end":{"line":58,"column":null}}],"line":48},"4":{"loc":{"start":{"line":69,"column":12},"end":{"line":71,"column":null}},"type":"if","locations":[{"start":{"line":69,"column":12},"end":{"line":71,"column":null}},{"start":{},"end":{}}],"line":69}},"s":{"0":1,"1":32,"2":2,"3":2,"4":8,"5":6,"6":6,"7":4,"8":2,"9":3,"10":2,"11":2,"12":1,"13":41,"14":40,"15":29,"16":8,"17":29,"18":2,"19":27,"20":29,"21":3,"22":5,"23":3,"24":6,"25":6,"26":6,"27":5,"28":6,"29":2,"30":2,"31":2},"f":{"0":32,"1":2,"2":2,"3":8,"4":6,"5":4,"6":2,"7":3,"8":41,"9":29,"10":8,"11":3,"12":5,"13":6,"14":6,"15":2,"16":2},"b":{"0":[2,1],"1":[1,1],"2":[40,1],"3":[2,27],"4":[5,1]},"meta":{"lastBranch":5,"lastFunction":17,"lastStatement":32,"seen":{"s:4:13:84:Infinity":0,"f:5:11:5:18":0,"s:5:18:8:Infinity":1,"f:11:20:11:21":1,"s:11:31:11:Infinity":2,"f:11:50:11:51":2,"s:11:67:11:90":3,"f:13:18:13:19":3,"s:14:12:17:Infinity":4,"f:14:38:14:39":4,"s:15:30:15:Infinity":5,"s:16:16:16:Infinity":6,"f:20:8:20:22":5,"s:21:12:21:Infinity":7,"f:24:8:24:24":6,"s:25:12:25:Infinity":8,"f:30:8:30:25":7,"b:31:12:36:Infinity:undefined:undefined:undefined:undefined":0,"s:31:12:36:Infinity":9,"s:32:34:32:Infinity":10,"b:33:16:35:Infinity:undefined:undefined:undefined:undefined":1,"s:33:16:35:Infinity":11,"s:34:20:34:Infinity":12,"f:39:8:39:19":8,"b:40:12:42:Infinity:undefined:undefined:undefined:undefined":2,"s:40:12:42:Infinity":13,"s:41:16:41:Infinity":14,"f:45:8:45:16":9,"s:46:33:46:Infinity":15,"f:46:49:46:57":10,"s:46:57:46:76":16,"b:48:12:58:Infinity:50:19:58:Infinity":3,"s:48:12:58:Infinity":17,"s:49:16:49:Infinity":18,"s:51:16:57:Infinity":19,"s:59:12:59:Infinity":20,"f:62:8:62:19":11,"s:63:12:63:Infinity":21,"f:63:43:63:51":12,"s:63:51:63:65":22,"s:64:12:64:Infinity":23,"f:67:8:67:23":13,"s:68:25:68:Infinity":24,"f:68:41:68:49":14,"s:68:49:68:63":25,"b:69:12:71:Infinity:undefined:undefined:undefined:undefined":4,"s:69:12:71:Infinity":26,"s:70:16:70:Infinity":27,"s:72:12:72:Infinity":28,"f:75:8:75:20":15,"s:76:12:76:Infinity":29,"s:77:12:77:Infinity":30,"f:80:8:80:21":16,"s:81:12:81:Infinity":31}}}
,"C:\\Users\\Ibnu Alinsani\\Coding\\Projects\\test\\app\\utils\\index.ts": {"path":"C:\\Users\\Ibnu Alinsani\\Coding\\Projects\\test\\app\\utils\\index.ts","statementMap":{"0":{"start":{"line":11,"column":27},"end":{"line":16,"column":null}},"1":{"start":{"line":12,"column":4},"end":{"line":14,"column":null}},"2":{"start":{"line":13,"column":8},"end":{"line":13,"column":null}},"3":{"start":{"line":15,"column":4},"end":{"line":15,"column":null}},"4":{"start":{"line":21,"column":26},"end":{"line":23,"column":null}},"5":{"start":{"line":22,"column":4},"end":{"line":22,"column":null}},"6":{"start":{"line":30,"column":27},"end":{"line":33,"column":null}},"7":{"start":{"line":31,"column":4},"end":{"line":31,"column":null}},"8":{"start":{"line":31,"column":15},"end":{"line":31,"column":null}},"9":{"start":{"line":32,"column":4},"end":{"line":32,"column":null}},"10":{"start":{"line":32,"column":36},"end":{"line":32,"column":40}},"11":{"start":{"line":38,"column":23},"end":{"line":45,"column":null}},"12":{"start":{"line":39,"column":4},"end":{"line":44,"column":null}},"13":{"start":{"line":50,"column":28},"end":{"line":54,"column":null}},"14":{"start":{"line":51,"column":4},"end":{"line":51,"column":null}},"15":{"start":{"line":51,"column":15},"end":{"line":51,"column":null}},"16":{"start":{"line":52,"column":4},"end":{"line":52,"column":null}},"17":{"start":{"line":52,"column":34},"end":{"line":52,"column":null}},"18":{"start":{"line":53,"column":4},"end":{"line":53,"column":null}},"19":{"start":{"line":61,"column":28},"end":{"line":64,"column":null}},"20":{"start":{"line":62,"column":23},"end":{"line":62,"column":null}},"21":{"start":{"line":63,"column":4},"end":{"line":63,"column":null}},"22":{"start":{"line":69,"column":28},"end":{"line":72,"column":null}},"23":{"start":{"line":70,"column":23},"end":{"line":70,"column":null}},"24":{"start":{"line":71,"column":4},"end":{"line":71,"column":null}},"25":{"start":{"line":79,"column":23},"end":{"line":86,"column":null}},"26":{"start":{"line":80,"column":4},"end":{"line":85,"column":null}},"27":{"start":{"line":81,"column":22},"end":{"line":81,"column":null}},"28":{"start":{"line":82,"column":8},"end":{"line":82,"column":null}},"29":{"start":{"line":83,"column":8},"end":{"line":83,"column":null}},"30":{"start":{"line":84,"column":8},"end":{"line":84,"column":null}},"31":{"start":{"line":91,"column":22},"end":{"line":98,"column":null}},"32":{"start":{"line":92,"column":19},"end":{"line":96,"column":null}},"33":{"start":{"line":93,"column":8},"end":{"line":93,"column":null}},"34":{"start":{"line":93,"column":29},"end":{"line":93,"column":null}},"35":{"start":{"line":94,"column":8},"end":{"line":94,"column":null}},"36":{"start":{"line":94,"column":29},"end":{"line":94,"column":null}},"37":{"start":{"line":95,"column":8},"end":{"line":95,"column":null}},"38":{"start":{"line":97,"column":4},"end":{"line":97,"column":null}},"39":{"start":{"line":103,"column":31},"end":{"line":107,"column":null}},"40":{"start":{"line":104,"column":4},"end":{"line":104,"column":null}},"41":{"start":{"line":104,"column":34},"end":{"line":104,"column":null}},"42":{"start":{"line":105,"column":4},"end":{"line":105,"column":null}},"43":{"start":{"line":105,"column":42},"end":{"line":105,"column":null}},"44":{"start":{"line":106,"column":4},"end":{"line":106,"column":null}}},"fnMap":{"0":{"name":"(anonymous_0)","decl":{"start":{"line":11,"column":27},"end":{"line":11,"column":28}},"loc":{"start":{"line":11,"column":63},"end":{"line":16,"column":null}},"line":11},"1":{"name":"(anonymous_1)","decl":{"start":{"line":21,"column":26},"end":{"line":21,"column":27}},"loc":{"start":{"line":21,"column":53},"end":{"line":23,"column":null}},"line":21},"2":{"name":"(anonymous_2)","decl":{"start":{"line":30,"column":27},"end":{"line":30,"column":28}},"loc":{"start":{"line":30,"column":53},"end":{"line":33,"column":null}},"line":30},"3":{"name":"(anonymous_3)","decl":{"start":{"line":32,"column":31},"end":{"line":32,"column":36}},"loc":{"start":{"line":32,"column":36},"end":{"line":32,"column":40}},"line":32},"4":{"name":"(anonymous_4)","decl":{"start":{"line":38,"column":23},"end":{"line":38,"column":24}},"loc":{"start":{"line":38,"column":49},"end":{"line":45,"column":null}},"line":38},"5":{"name":"(anonymous_5)","decl":{"start":{"line":50,"column":28},"end":{"line":50,"column":29}},"loc":{"start":{"line":50,"column":73},"end":{"line":54,"column":null}},"line":50},"6":{"name":"(anonymous_6)","decl":{"start":{"line":61,"column":28},"end":{"line":61,"column":29}},"loc":{"start":{"line":61,"column":56},"end":{"line":64,"column":null}},"line":61},"7":{"name":"(anonymous_7)","decl":{"start":{"line":69,"column":28},"end":{"line":69,"column":29}},"loc":{"start":{"line":69,"column":56},"end":{"line":72,"column":null}},"line":69},"8":{"name":"(anonymous_8)","decl":{"start":{"line":79,"column":23},"end":{"line":79,"column":27}},"loc":{"start":{"line":79,"column":77},"end":{"line":86,"column":null}},"line":79},"9":{"name":"(anonymous_9)","decl":{"start":{"line":80,"column":24},"end":{"line":80,"column":25}},"loc":{"start":{"line":80,"column":42},"end":{"line":85,"column":7}},"line":80},"10":{"name":"(anonymous_10)","decl":{"start":{"line":91,"column":22},"end":{"line":91,"column":26}},"loc":{"start":{"line":91,"column":91},"end":{"line":98,"column":null}},"line":91},"11":{"name":"(anonymous_11)","decl":{"start":{"line":92,"column":35},"end":{"line":92,"column":36}},"loc":{"start":{"line":92,"column":45},"end":{"line":96,"column":5}},"line":92},"12":{"name":"(anonymous_12)","decl":{"start":{"line":103,"column":31},"end":{"line":103,"column":35}},"loc":{"start":{"line":103,"column":97},"end":{"line":107,"column":null}},"line":103}},"branchMap":{"0":{"loc":{"start":{"line":12,"column":4},"end":{"line":14,"column":null}},"type":"if","locations":[{"start":{"line":12,"column":4},"end":{"line":14,"column":null}},{"start":{},"end":{}}],"line":12},"1":{"loc":{"start":{"line":22,"column":11},"end":{"line":22,"column":null}},"type":"binary-expr","locations":[{"start":{"line":22,"column":11},"end":{"line":22,"column":53}},{"start":{"line":22,"column":53},"end":{"line":22,"column":null}}],"line":22},"2":{"loc":{"start":{"line":31,"column":4},"end":{"line":31,"column":null}},"type":"if","locations":[{"start":{"line":31,"column":4},"end":{"line":31,"column":null}},{"start":{},"end":{}}],"line":31},"3":{"loc":{"start":{"line":51,"column":4},"end":{"line":51,"column":null}},"type":"if","locations":[{"start":{"line":51,"column":4},"end":{"line":51,"column":null}},{"start":{},"end":{}}],"line":51},"4":{"loc":{"start":{"line":52,"column":4},"end":{"line":52,"column":null}},"type":"if","locations":[{"start":{"line":52,"column":4},"end":{"line":52,"column":null}},{"start":{},"end":{}}],"line":52},"5":{"loc":{"start":{"line":82,"column":24},"end":{"line":82,"column":null}},"type":"binary-expr","locations":[{"start":{"line":82,"column":24},"end":{"line":82,"column":41}},{"start":{"line":82,"column":41},"end":{"line":82,"column":null}}],"line":82},"6":{"loc":{"start":{"line":91,"column":52},"end":{"line":91,"column":91}},"type":"default-arg","locations":[{"start":{"line":91,"column":76},"end":{"line":91,"column":91}}],"line":91},"7":{"loc":{"start":{"line":93,"column":8},"end":{"line":93,"column":null}},"type":"if","locations":[{"start":{"line":93,"column":8},"end":{"line":93,"column":null}},{"start":{},"end":{}}],"line":93},"8":{"loc":{"start":{"line":94,"column":8},"end":{"line":94,"column":null}},"type":"if","locations":[{"start":{"line":94,"column":8},"end":{"line":94,"column":null}},{"start":{},"end":{}}],"line":94},"9":{"loc":{"start":{"line":97,"column":11},"end":{"line":97,"column":null}},"type":"cond-expr","locations":[{"start":{"line":97,"column":30},"end":{"line":97,"column":49}},{"start":{"line":97,"column":49},"end":{"line":97,"column":null}}],"line":97},"10":{"loc":{"start":{"line":104,"column":4},"end":{"line":104,"column":null}},"type":"if","locations":[{"start":{"line":104,"column":4},"end":{"line":104,"column":null}},{"start":{},"end":{}}],"line":104},"11":{"loc":{"start":{"line":104,"column":8},"end":{"line":104,"column":34}},"type":"binary-expr","locations":[{"start":{"line":104,"column":8},"end":{"line":104,"column":16}},{"start":{"line":104,"column":16},"end":{"line":104,"column":34}}],"line":104},"12":{"loc":{"start":{"line":105,"column":4},"end":{"line":105,"column":null}},"type":"if","locations":[{"start":{"line":105,"column":4},"end":{"line":105,"column":null}},{"start":{},"end":{}}],"line":105},"13":{"loc":{"start":{"line":105,"column":8},"end":{"line":105,"column":42}},"type":"binary-expr","locations":[{"start":{"line":105,"column":8},"end":{"line":105,"column":21}},{"start":{"line":105,"column":21},"end":{"line":105,"column":42}}],"line":105}},"s":{"0":1,"1":5,"2":4,"3":1,"4":1,"5":5,"6":1,"7":4,"8":1,"9":3,"10":6,"11":1,"12":5,"13":1,"14":4,"15":1,"16":3,"17":2,"18":1,"19":1,"20":5,"21":5,"22":1,"23":5,"24":5,"25":1,"26":2,"27":4,"28":4,"29":4,"30":4,"31":1,"32":3,"33":12,"34":2,"35":10,"36":9,"37":1,"38":3,"39":1,"40":6,"41":3,"42":3,"43":2,"44":1},"f":{"0":5,"1":5,"2":4,"3":6,"4":5,"5":4,"6":5,"7":5,"8":2,"9":4,"10":3,"11":12,"12":6},"b":{"0":[4,1],"1":[5,2],"2":[1,3],"3":[1,3],"4":[2,1],"5":[4,3],"6":[3],"7":[2,10],"8":[9,1],"9":[1,2],"10":[3,3],"11":[6,4],"12":[2,1],"13":[3,2]},"meta":{"lastBranch":14,"lastFunction":13,"lastStatement":45,"seen":{"s:11:27:16:Infinity":0,"f:11:27:11:28":0,"b:12:4:14:Infinity:undefined:undefined:undefined:undefined":0,"s:12:4:14:Infinity":1,"s:13:8:13:Infinity":2,"s:15:4:15:Infinity":3,"s:21:26:23:Infinity":4,"f:21:26:21:27":1,"s:22:4:22:Infinity":5,"b:22:11:22:53:22:53:22:Infinity":1,"s:30:27:33:Infinity":6,"f:30:27:30:28":2,"b:31:4:31:Infinity:undefined:undefined:undefined:undefined":2,"s:31:4:31:Infinity":7,"s:31:15:31:Infinity":8,"s:32:4:32:Infinity":9,"f:32:31:32:36":3,"s:32:36:32:40":10,"s:38:23:45:Infinity":11,"f:38:23:38:24":4,"s:39:4:44:Infinity":12,"s:50:28:54:Infinity":13,"f:50:28:50:29":5,"b:51:4:51:Infinity:undefined:undefined:undefined:undefined":3,"s:51:4:51:Infinity":14,"s:51:15:51:Infinity":15,"b:52:4:52:Infinity:undefined:undefined:undefined:undefined":4,"s:52:4:52:Infinity":16,"s:52:34:52:Infinity":17,"s:53:4:53:Infinity":18,"s:61:28:64:Infinity":19,"f:61:28:61:29":6,"s:62:23:62:Infinity":20,"s:63:4:63:Infinity":21,"s:69:28:72:Infinity":22,"f:69:28:69:29":7,"s:70:23:70:Infinity":23,"s:71:4:71:Infinity":24,"s:79:23:86:Infinity":25,"f:79:23:79:27":8,"s:80:4:85:Infinity":26,"f:80:24:80:25":9,"s:81:22:81:Infinity":27,"s:82:8:82:Infinity":28,"b:82:24:82:41:82:41:82:Infinity":5,"s:83:8:83:Infinity":29,"s:84:8:84:Infinity":30,"s:91:22:98:Infinity":31,"f:91:22:91:26":10,"b:91:76:91:91":6,"s:92:19:96:Infinity":32,"f:92:35:92:36":11,"b:93:8:93:Infinity:undefined:undefined:undefined:undefined":7,"s:93:8:93:Infinity":33,"s:93:29:93:Infinity":34,"b:94:8:94:Infinity:undefined:undefined:undefined:undefined":8,"s:94:8:94:Infinity":35,"s:94:29:94:Infinity":36,"s:95:8:95:Infinity":37,"s:97:4:97:Infinity":38,"b:97:30:97:49:97:49:97:Infinity":9,"s:103:31:107:Infinity":39,"f:103:31:103:35":12,"b:104:4:104:Infinity:undefined:undefined:undefined:undefined":10,"s:104:4:104:Infinity":40,"b:104:8:104:16:104:16:104:34":11,"s:104:34:104:Infinity":41,"b:105:4:105:Infinity:undefined:undefined:undefined:undefined":12,"s:105:4:105:Infinity":42,"b:105:8:105:21:105:21:105:42":13,"s:105:42:105:Infinity":43,"s:106:4:106:Infinity":44}}}
}
